<?xml version="1.0" encoding="UTF-8"?>
<testsuite name="BitmapTransformer.AppTest" tests="1" skipped="0" failures="0" errors="0" timestamp="2019-05-31T22:22:51" hostname="38f9d35c0f10.ant.amazon.com" time="0.002">
  <properties/>
  <testcase name="testAppHasAGreeting" classname="BitmapTransformer.AppTest" time="0.002"/>
  <system-out><![CDATA[]]></system-out>
  <system-err><![CDATA[]]></system-err>
</testsuite>
